<?xml version="1.0" encoding="UTF-8"?>
<testsuite name="service.account.ServiceAccountMySQLTest" tests="4" skipped="0" failures="0" errors="0" timestamp="2021-03-24T11:29:24" hostname="DESKTOP-V307L24" time="0.108">
  <properties/>
  <testcase name="removeAccount" classname="service.account.ServiceAccountMySQLTest" time="0.05"/>
  <testcase name="updateClientBalance" classname="service.account.ServiceAccountMySQLTest" time="0.017"/>
  <testcase name="createAccount" classname="service.account.ServiceAccountMySQLTest" time="0.015"/>
  <testcase name="viewAccounts" classname="service.account.ServiceAccountMySQLTest" time="0.026"/>
  <system-out><![CDATA[[Account{id=1, ident_number='213131', type='Debit', balance=55577.0, creation_date=2021-03-24, id_client=1}]
]]></system-out>
  <system-err><![CDATA[]]></system-err>
</testsuite>
